  ValueTable.cpp
  TextBox.cpp
e:\fieldden\fieldden\fieldden\textbox.cpp(14): warning C4244: =: преобразование "unsigned int" в "float", возможна потеря данных
e:\fieldden\fieldden\fieldden\textbox.cpp(75): warning C4018: <=: несоответствие типов со знаком и без знака
  Text.cpp
  TabHolder.cpp
  Tab.cpp
  Slider.cpp
e:\fieldden\fieldden\fieldden\slider.cpp(25): warning C4244: аргумент: преобразование "double" в "float", возможна потеря данных
e:\fieldden\fieldden\fieldden\slider.cpp(101): warning C4244: аргумент: преобразование "int" в "float", возможна потеря данных
e:\fieldden\fieldden\fieldden\slider.cpp(140): warning C4244: инициализация: преобразование "float" в "int", возможна потеря данных
e:\fieldden\fieldden\fieldden\slider.cpp(142): warning C4244: =: преобразование "double" в "float", возможна потеря данных
e:\fieldden\fieldden\fieldden\slider.cpp(145): warning C4244: =: преобразование "int" в "float", возможна потеря данных
e:\fieldden\fieldden\fieldden\slider.cpp(229): warning C4244: =: преобразование "double" в "float", возможна потеря данных
  Plane.cpp
e:\fieldden\fieldden\fieldden\plane.hpp(27): warning C4244: аргумент: преобразование "double" в "sf::Uint8", возможна потеря данных
e:\fieldden\fieldden\fieldden\plane.hpp(34): warning C4244: return: преобразование "double" в "int", возможна потеря данных
e:\fieldden\fieldden\fieldden\plane.cpp(49): warning C4244: =: преобразование "double" в "float", возможна потеря данных
e:\fieldden\fieldden\fieldden\plane.cpp(50): warning C4244: =: преобразование "double" в "float", возможна потеря данных
e:\fieldden\fieldden\fieldden\plane.cpp(51): warning C4244: аргумент: преобразование "double" в "unsigned int", возможна потеря данных
e:\fieldden\fieldden\fieldden\plane.cpp(58): warning C4244: =: преобразование "double" в "float", возможна потеря данных
e:\fieldden\fieldden\fieldden\plane.cpp(59): warning C4244: =: преобразование "double" в "float", возможна потеря данных
e:\fieldden\fieldden\fieldden\plane.cpp(134): warning C4244: =: преобразование "double" в "int", возможна потеря данных
e:\fieldden\fieldden\fieldden\plane.cpp(152): warning C4244: =: преобразование "float" в "int", возможна потеря данных
e:\fieldden\fieldden\fieldden\plane.cpp(153): warning C4244: =: преобразование "float" в "int", возможна потеря данных
e:\fieldden\fieldden\fieldden\plane.cpp(159): warning C4244: =: преобразование "double" в "float", возможна потеря данных
e:\fieldden\fieldden\fieldden\plane.cpp(160): warning C4244: =: преобразование "double" в "float", возможна потеря данных
e:\fieldden\fieldden\fieldden\plane.cpp(166): warning C4244: *=: преобразование "double" в "float", возможна потеря данных
e:\fieldden\fieldden\fieldden\plane.cpp(170): warning C4244: аргумент: преобразование "float" в "int", возможна потеря данных
e:\fieldden\fieldden\fieldden\plane.cpp(182): warning C4244: инициализация: преобразование "float" в "__int64", возможна потеря данных
e:\fieldden\fieldden\fieldden\plane.cpp(201): warning C4244: инициализация: преобразование "double" в "int", возможна потеря данных
  Panel.cpp
  main.cpp
e:\fieldden\fieldden\fieldden\plane.hpp(27): warning C4244: аргумент: преобразование "double" в "sf::Uint8", возможна потеря данных
e:\fieldden\fieldden\fieldden\plane.hpp(34): warning C4244: return: преобразование "double" в "int", возможна потеря данных
  ImageButton.cpp
  Globals.cpp
  Equation.cpp
  Button.cpp
  App.cpp
e:\fieldden\fieldden\fieldden\plane.hpp(27): warning C4244: аргумент: преобразование "double" в "sf::Uint8", возможна потеря данных
e:\fieldden\fieldden\fieldden\plane.hpp(34): warning C4244: return: преобразование "double" в "int", возможна потеря данных
e:\fieldden\fieldden\fieldden\app.cpp(7): warning C4005: _CRT_SECURE_NO_WARNINGS: изменение макроопределения
  e:\fieldden\fieldden\fieldden\app.cpp(7): note: аргументы командной строки:  см. предыдущее определение "_CRT_SECURE_NO_WARNINGS"
e:\fieldden\fieldden\fieldden\app.cpp(12): warning C4244: аргумент: преобразование "double" в "unsigned int", возможна потеря данных
e:\fieldden\fieldden\fieldden\app.cpp(19): warning C4244: аргумент: преобразование "double" в "int", возможна потеря данных
e:\fieldden\fieldden\fieldden\app.cpp(86): warning C4244: аргумент: преобразование "double" в "float", возможна потеря данных
e:\fieldden\fieldden\fieldden\app.cpp(141): warning C4244: аргумент: преобразование "double" в "sf::Uint8", возможна потеря данных
e:\fieldden\fieldden\fieldden\app.cpp(145): warning C4244: аргумент: преобразование "double" в "sf::Uint8", возможна потеря данных
e:\fieldden\fieldden\fieldden\app.cpp(274): warning C4244: аргумент: преобразование "double" в "unsigned int", возможна потеря данных
e:\fieldden\fieldden\fieldden\app.cpp(284): warning C4244: аргумент: преобразование "double" в "int", возможна потеря данных
  Создание кода...
e:\fieldden\fieldden\fieldden\slider.cpp(179): warning C4715: Slider::check: значение возвращается не при всех путях выполнения
e:\fieldden\fieldden\fieldden\tabholder.cpp(36): warning C4715: TabHolder::check: значение возвращается не при всех путях выполнения
e:\fieldden\fieldden\fieldden\valuetable.cpp(20): warning C4715: ValueTable::check: значение возвращается не при всех путях выполнения
sfml-graphics-s-d.lib(RenderStates.cpp.obj) : fatal error LNK1112: тип компьютера модуля "X86" противоречит типу целевого компьютера "x64"
